Case #1: CAB
Case #2: MJA
Case #3: OCDE
Case #4: BBAAA
Case #5: CCCABBBAB
Case #6: CCCBAABAB
Case #7: ZXCASDQWE
Case #8: CCCCCBBBBBAAAAA
Case #9: CCCCCCBAABBABAA
Case #10: MMALHGFEDCABIJK
Case #11: CCCCCCABBBABABA
Case #12: DCCCCCBBAACBB
Case #13: AA
Case #14: CCBBAAAAAAABB
Case #15: ZWSSGMFRDPJYQDG
Case #16: CCBBBBAAAAAAAB
Case #17: ZAAAA
Case #18: CCCCCCCBBABABBA
Case #19: MMGAEABCDFHIJKL
Case #20: TGFBDBPSFDNLGNQ
Case #21: BBA
Case #22: BAA
Case #23: CCCBBAAABABAB
Case #24: CAB
Case #25: BAAA
Case #26: MMLKJHFEDCBAGIA
Case #27: ZDCBA
Case #28: BA
Case #29: CBA
Case #30: CCBBAAAABBBABAB
Case #31: MMADEGHIKALJFCB
Case #32: MMLKIFDBAJHGECA
Case #33: CCCCCBBBBBAAAAA
Case #34: ZABYCXDWEU
Case #35: RRBAACADABA
Case #36: ZEDCBAYXWU
Case #37: CCCCCCBBBABBBBB
Case #38: CCCCCBBBBBAAAAA
Case #39: BAAA
Case #40: AAA
Case #41: BA
Case #42: CCCCBAAABABABAA
Case #43: OHFECBILGAJKMDN
Case #44: DCCCCBBBBAABA
Case #45: CCAAAABBBAABBAB
Case #46: Z
Case #47: BBA
Case #48: CCCCCBBBBBAAAAA
Case #49: CCCCCAABBBABAAA
Case #50: ONMCBAEFGHDJKLI
Case #51: CCCCCBBBAAAABAA
Case #52: BAAA
Case #53: OMNIJKLHFGEDBCA
Case #54: ZAYBXCWDUE
Case #55: CCCCAABBBBAABBB
Case #56: DCCBBBBAAAAAA
Case #57: ZADBC
Case #58: ONMBDLKCGHIFAJE
Case #59: OMNLBJIHGAEDCKF
Case #60: OMBDLGJEKIFACNH
Case #61: CCCCCBABABAAAAB
Case #62: CCCCCBAAAAABBBB
Case #63: MMBCDFGHLAKJIEA
Case #64: DDCCBAAAABACAB
Case #65: CCCCCBBBBBAAAAA
Case #66: CCCCCCAABBBBAAA
Case #67: ONMLCBDKFGHIJAE
Case #68: BB
Case #69: BAAA
Case #70: CCCCCBBABBBABAA
Case #71: CCCCCBBBBAABBAB
Case #72: CCCCAAABABAABAB
Case #73: CBA
Case #74: BAA
Case #75: ZDABC
Case #76: ZACBA
Case #77: BBA
Case #78: ZZYWWPLDHFPSKGT
Case #79: A
Case #80: BAA
Case #81: CCCCCBBBBBAAAAA
Case #82: CCCCCBBBBBAAAAA
Case #83: ONMKFADEGHIJCLB
Case #84: CBBBBBAAAAABA
Case #85: CCCCAAABABBABBB
Case #86: CCCCCBABBBBABBA
Case #87: CBA
Case #88: DCBBBBBAAAAAAB
Case #89: CBA
Case #90: BBBBBAAAAAAAA
Case #91: BBB
Case #92: CCCCCBBBBBAAAAA
Case #93: CCCAAABAABBABAA
Case #94: ONMLKFACEHDJGIB
Case #95: ZZYMPGXBMHSJKHL
Case #96: ZABCD
Case #97: OCIJKFLAHNEBMDG
Case #98: ZXBSGDBJQLSQXPL
Case #99: CCBBBAAAAABBA
Case #100: CCCCCCBBAABBABA
