Case #1:
10000000000000000000000000000001 3 4 5 6 7 8 9 10 11 
10000000000000000000000000000111 3 4 5 6 7 8 9 10 11 
10000000000000000000000000011001 3 4 5 6 7 8 9 10 11 
10000000000000000000000000011111 3 4 5 6 7 8 9 10 11 
10000000000000000000000001100001 3 4 5 6 7 8 9 10 11 
10000000000000000000000001100111 3 4 5 6 7 8 9 10 11 
10000000000000000000000001111001 3 4 5 6 7 8 9 10 11 
10000000000000000000000001111111 3 4 5 6 7 8 9 10 11 
10000000000000000000000110000001 3 4 5 6 7 8 9 10 11 
10000000000000000000000110000111 3 4 5 6 7 8 9 10 11 
10000000000000000000000110011001 3 4 5 6 7 8 9 10 11 
10000000000000000000000110011111 3 4 5 6 7 8 9 10 11 
10000000000000000000000111100001 3 4 5 6 7 8 9 10 11 
10000000000000000000000111100111 3 4 5 6 7 8 9 10 11 
10000000000000000000000111111001 3 4 5 6 7 8 9 10 11 
10000000000000000000000111111111 3 4 5 6 7 8 9 10 11 
10000000000000000000011000000001 3 4 5 6 7 8 9 10 11 
10000000000000000000011000000111 3 4 5 6 7 8 9 10 11 
10000000000000000000011000011001 3 4 5 6 7 8 9 10 11 
10000000000000000000011000011111 3 4 5 6 7 8 9 10 11 
10000000000000000000011001100001 3 4 5 6 7 8 9 10 11 
10000000000000000000011001100111 3 4 5 6 7 8 9 10 11 
10000000000000000000011001111001 3 4 5 6 7 8 9 10 11 
10000000000000000000011001111111 3 4 5 6 7 8 9 10 11 
10000000000000000000011110000001 3 4 5 6 7 8 9 10 11 
10000000000000000000011110000111 3 4 5 6 7 8 9 10 11 
10000000000000000000011110011001 3 4 5 6 7 8 9 10 11 
10000000000000000000011110011111 3 4 5 6 7 8 9 10 11 
10000000000000000000011111100001 3 4 5 6 7 8 9 10 11 
10000000000000000000011111100111 3 4 5 6 7 8 9 10 11 
10000000000000000000011111111001 3 4 5 6 7 8 9 10 11 
10000000000000000000011111111111 3 4 5 6 7 8 9 10 11 
10000000000000000001100000000001 3 4 5 6 7 8 9 10 11 
10000000000000000001100000000111 3 4 5 6 7 8 9 10 11 
10000000000000000001100000011001 3 4 5 6 7 8 9 10 11 
10000000000000000001100000011111 3 4 5 6 7 8 9 10 11 
10000000000000000001100001100001 3 4 5 6 7 8 9 10 11 
10000000000000000001100001100111 3 4 5 6 7 8 9 10 11 
10000000000000000001100001111001 3 4 5 6 7 8 9 10 11 
10000000000000000001100001111111 3 4 5 6 7 8 9 10 11 
10000000000000000001100110000001 3 4 5 6 7 8 9 10 11 
10000000000000000001100110000111 3 4 5 6 7 8 9 10 11 
10000000000000000001100110011001 3 4 5 6 7 8 9 10 11 
10000000000000000001100110011111 3 4 5 6 7 8 9 10 11 
10000000000000000001100111100001 3 4 5 6 7 8 9 10 11 
10000000000000000001100111100111 3 4 5 6 7 8 9 10 11 
10000000000000000001100111111001 3 4 5 6 7 8 9 10 11 
10000000000000000001100111111111 3 4 5 6 7 8 9 10 11 
10000000000000000001111000000001 3 4 5 6 7 8 9 10 11 
10000000000000000001111000000111 3 4 5 6 7 8 9 10 11 
